<?xml version="1.0" encoding="UTF-8"?>
<testsuite name="triangles.TrianglesTest" tests="1" skipped="0" failures="0" errors="0" timestamp="2020-07-22T21:12:15" hostname="DESKTOP-972ITF1" time="0.393">
  <properties/>
  <testcase name="threeEqualSidesIsAnEquilateralTriangle()" classname="triangles.TrianglesTest" time="0.393"/>
  <system-out><![CDATA[]]></system-out>
  <system-err><![CDATA[]]></system-err>
</testsuite>
