<?xml version="1.0" encoding="UTF-8"?>
<testsuite name="babysitter.BabySitterTest" tests="1" skipped="0" failures="0" errors="0" timestamp="2020-07-25T18:15:21" hostname="DESKTOP-972ITF1" time="0.124">
  <properties/>
  <testcase name="oneHourBedTimeAndOneHourPostBedtime24()" classname="babysitter.BabySitterTest" time="0.124"/>
  <system-out><![CDATA[start time:6
End time:8
Bed time:6
case 5
]]></system-out>
  <system-err><![CDATA[]]></system-err>
</testsuite>
