<?xml version="1.0" encoding="UTF-8"?>
<testsuite name="triangles.TrianglesTest" tests="5" skipped="0" failures="0" errors="0" timestamp="2020-07-22T22:25:45" hostname="WECANCODEIT-70" time="0.578">
  <properties/>
  <testcase name="twoThreeFiveTriangle()" classname="triangles.TrianglesTest" time="0.497"/>
  <testcase name="threeEqualSidesIsAnEquilateralTriangle()" classname="triangles.TrianglesTest" time="0.008"/>
  <testcase name="twoThreeFourTriangle()" classname="triangles.TrianglesTest" time="0.019"/>
  <testcase name="inOrderEqualSidesIsAnRightTriangle()" classname="triangles.TrianglesTest" time="0.007"/>
  <testcase name="twoEqualSidesIsAnIsoscelesTriangle()" classname="triangles.TrianglesTest" time="0.009"/>
  <system-out><![CDATA[]]></system-out>
  <system-err><![CDATA[]]></system-err>
</testsuite>
