<?xml version="1.0" encoding="UTF-8"?>
<testsuite name="fizz_buzz.FizzBuzzTest" tests="1" skipped="0" failures="0" errors="0" timestamp="2020-07-21T21:54:59" hostname="DESKTOP-972ITF1" time="0.465">
  <properties/>
  <testcase name="whenGiven6FizzBuzzSays6()" classname="fizz_buzz.FizzBuzzTest" time="0.465"/>
  <system-out><![CDATA[]]></system-out>
  <system-err><![CDATA[]]></system-err>
</testsuite>
