<?xml version="1.0" encoding="UTF-8"?>
<testsuite name="triangles.TrianglesTest" tests="1" skipped="0" failures="0" errors="0" timestamp="2020-07-22T22:04:46" hostname="WECANCODEIT-70" time="0.495">
  <properties/>
  <testcase name="twoThreeFourTriangle()" classname="triangles.TrianglesTest" time="0.495"/>
  <system-out><![CDATA[]]></system-out>
  <system-err><![CDATA[]]></system-err>
</testsuite>
